Determining if the Q_WS_WIN exist failed with the following output:
Change Dir: /home/salabeta/salabeta/menaricci/mycomp/CMakeFiles/CMakeTmp

Run Build Command:"/usr/bin/make" "cmTryCompileExec3642298301/fast"
/usr/bin/make -f CMakeFiles/cmTryCompileExec3642298301.dir/build.make CMakeFiles/cmTryCompileExec3642298301.dir/build
make[1]: Entering directory '/home/salabeta/salabeta/menaricci/mycomp/CMakeFiles/CMakeTmp'
/usr/bin/cmake -E cmake_progress_report /home/salabeta/salabeta/menaricci/mycomp/CMakeFiles/CMakeTmp/CMakeFiles 1
Building CXX object CMakeFiles/cmTryCompileExec3642298301.dir/CheckSymbolExists.cxx.o
/usr/bin/c++    -I/usr/include/qt4    -o CMakeFiles/cmTryCompileExec3642298301.dir/CheckSymbolExists.cxx.o -c /home/salabeta/salabeta/menaricci/mycomp/CMakeFiles/CMakeTmp/CheckSymbolExists.cxx
/home/salabeta/salabeta/menaricci/mycomp/CMakeFiles/CMakeTmp/CheckSymbolExists.cxx: In function ‘int main(int, char**)’:
/home/salabeta/salabeta/menaricci/mycomp/CMakeFiles/CMakeTmp/CheckSymbolExists.cxx:8:19: error: ‘Q_WS_WIN’ was not declared in this scope
   return ((int*)(&Q_WS_WIN))[argc];
                   ^
CMakeFiles/cmTryCompileExec3642298301.dir/build.make:57: recipe for target 'CMakeFiles/cmTryCompileExec3642298301.dir/CheckSymbolExists.cxx.o' failed
make[1]: *** [CMakeFiles/cmTryCompileExec3642298301.dir/CheckSymbolExists.cxx.o] Error 1
make[1]: Leaving directory '/home/salabeta/salabeta/menaricci/mycomp/CMakeFiles/CMakeTmp'
Makefile:118: recipe for target 'cmTryCompileExec3642298301/fast' failed
make: *** [cmTryCompileExec3642298301/fast] Error 2

File /home/salabeta/salabeta/menaricci/mycomp/CMakeFiles/CMakeTmp/CheckSymbolExists.cxx:
/* */
#include <QtCore/qglobal.h>

int main(int argc, char** argv)
{
  (void)argv;
#ifndef Q_WS_WIN
  return ((int*)(&Q_WS_WIN))[argc];
#else
  (void)argc;
  return 0;
#endif
}

Determining if the Q_WS_QWS exist failed with the following output:
Change Dir: /home/salabeta/salabeta/menaricci/mycomp/CMakeFiles/CMakeTmp

Run Build Command:"/usr/bin/make" "cmTryCompileExec3510896288/fast"
/usr/bin/make -f CMakeFiles/cmTryCompileExec3510896288.dir/build.make CMakeFiles/cmTryCompileExec3510896288.dir/build
make[1]: Entering directory '/home/salabeta/salabeta/menaricci/mycomp/CMakeFiles/CMakeTmp'
/usr/bin/cmake -E cmake_progress_report /home/salabeta/salabeta/menaricci/mycomp/CMakeFiles/CMakeTmp/CMakeFiles 1
Building CXX object CMakeFiles/cmTryCompileExec3510896288.dir/CheckSymbolExists.cxx.o
/usr/bin/c++    -I/usr/include/qt4    -o CMakeFiles/cmTryCompileExec3510896288.dir/CheckSymbolExists.cxx.o -c /home/salabeta/salabeta/menaricci/mycomp/CMakeFiles/CMakeTmp/CheckSymbolExists.cxx
/home/salabeta/salabeta/menaricci/mycomp/CMakeFiles/CMakeTmp/CheckSymbolExists.cxx: In function ‘int main(int, char**)’:
/home/salabeta/salabeta/menaricci/mycomp/CMakeFiles/CMakeTmp/CheckSymbolExists.cxx:8:19: error: ‘Q_WS_QWS’ was not declared in this scope
   return ((int*)(&Q_WS_QWS))[argc];
                   ^
CMakeFiles/cmTryCompileExec3510896288.dir/build.make:57: recipe for target 'CMakeFiles/cmTryCompileExec3510896288.dir/CheckSymbolExists.cxx.o' failed
make[1]: *** [CMakeFiles/cmTryCompileExec3510896288.dir/CheckSymbolExists.cxx.o] Error 1
make[1]: Leaving directory '/home/salabeta/salabeta/menaricci/mycomp/CMakeFiles/CMakeTmp'
Makefile:118: recipe for target 'cmTryCompileExec3510896288/fast' failed
make: *** [cmTryCompileExec3510896288/fast] Error 2

File /home/salabeta/salabeta/menaricci/mycomp/CMakeFiles/CMakeTmp/CheckSymbolExists.cxx:
/* */
#include <QtCore/qglobal.h>

int main(int argc, char** argv)
{
  (void)argv;
#ifndef Q_WS_QWS
  return ((int*)(&Q_WS_QWS))[argc];
#else
  (void)argc;
  return 0;
#endif
}

Determining if the Q_WS_MAC exist failed with the following output:
Change Dir: /home/salabeta/salabeta/menaricci/mycomp/CMakeFiles/CMakeTmp

Run Build Command:"/usr/bin/make" "cmTryCompileExec1399245634/fast"
/usr/bin/make -f CMakeFiles/cmTryCompileExec1399245634.dir/build.make CMakeFiles/cmTryCompileExec1399245634.dir/build
make[1]: Entering directory '/home/salabeta/salabeta/menaricci/mycomp/CMakeFiles/CMakeTmp'
/usr/bin/cmake -E cmake_progress_report /home/salabeta/salabeta/menaricci/mycomp/CMakeFiles/CMakeTmp/CMakeFiles 1
Building CXX object CMakeFiles/cmTryCompileExec1399245634.dir/CheckSymbolExists.cxx.o
/usr/bin/c++    -I/usr/include/qt4    -o CMakeFiles/cmTryCompileExec1399245634.dir/CheckSymbolExists.cxx.o -c /home/salabeta/salabeta/menaricci/mycomp/CMakeFiles/CMakeTmp/CheckSymbolExists.cxx
/home/salabeta/salabeta/menaricci/mycomp/CMakeFiles/CMakeTmp/CheckSymbolExists.cxx: In function ‘int main(int, char**)’:
/home/salabeta/salabeta/menaricci/mycomp/CMakeFiles/CMakeTmp/CheckSymbolExists.cxx:8:19: error: ‘Q_WS_MAC’ was not declared in this scope
   return ((int*)(&Q_WS_MAC))[argc];
                   ^
CMakeFiles/cmTryCompileExec1399245634.dir/build.make:57: recipe for target 'CMakeFiles/cmTryCompileExec1399245634.dir/CheckSymbolExists.cxx.o' failed
make[1]: *** [CMakeFiles/cmTryCompileExec1399245634.dir/CheckSymbolExists.cxx.o] Error 1
make[1]: Leaving directory '/home/salabeta/salabeta/menaricci/mycomp/CMakeFiles/CMakeTmp'
Makefile:118: recipe for target 'cmTryCompileExec1399245634/fast' failed
make: *** [cmTryCompileExec1399245634/fast] Error 2

File /home/salabeta/salabeta/menaricci/mycomp/CMakeFiles/CMakeTmp/CheckSymbolExists.cxx:
/* */
#include <QtCore/qglobal.h>

int main(int argc, char** argv)
{
  (void)argv;
#ifndef Q_WS_MAC
  return ((int*)(&Q_WS_MAC))[argc];
#else
  (void)argc;
  return 0;
#endif
}

